<?xml version="1.0" encoding="UTF-8"?>
<!-- Generated by org.testng.reporters.JUnitReportReporter -->
<testsuite hostname="DESKTOP-3J251JV" failures="0" tests="2" name="testngexamples.Exp_Testng" time="0.016" errors="0" timestamp="1 Jan 2024 10:00:07 GMT">
  <testcase classname="testngexamples.Exp_Testng" name="logout" time="0.002"/>
  <testcase classname="testngexamples.Exp_Testng" name="login" time="0.014"/>
</testsuite> <!-- testngexamples.Exp_Testng -->
