<?xml version="1.0" encoding="UTF-8"?>
<!-- Generated by org.testng.reporters.JUnitReportReporter -->
<testsuite hostname="DESKTOP-3J251JV" failures="0" tests="1" name="com.hrms.testscripts.TC001" time="7.246" errors="0" timestamp="1 Jan 2024 10:00:07 GMT">
  <testcase classname="com.hrms.testscripts.TC001" name="tc001" time="7.246"/>
</testsuite> <!-- com.hrms.testscripts.TC001 -->
